[2026-05-10T09:44:55Z] === ENRICH ITERATION 1 START | repo=rust-itertools/itertools sha=98d3978c ===
[2026-05-10T09:44:55Z] [iter=1] PHASE START: enrich repo=rust-itertools/itertools sha=98d3978c runlog=/home/runner/work/forx/forx/storage/aggregate/lsp/logs/98d3978c-enrich-iter-001.log output=/home/runner/work/forx/forx/storage/aggregate/lsp/98d3978c87d6aa8d35e3f459dc0089130e04b646.nq.gz
[2026-05-10T09:45:02Z] [iter=1] Step 1: Loading AST into disk-backed store mem_mb=77 MB
[2026-05-10T09:45:03Z] [iter=1] AST store loaded triples=123955 load_secs=1 mem_mb=264 MB
[2026-05-10T09:45:03Z] [iter=1] Step 2: Finding LSP targets mem_mb=264 MB
[2026-05-10T09:45:03Z] [iter=1] LSP targets found call_sites=752 imports=46 extends=0 implements=157 secs=0
[2026-05-10T09:45:03Z] [iter=1] Step 2.7: Building position index (one-shot, shared across resolvers) mem_mb=264 MB
[2026-05-10T09:45:04Z] [iter=1] Position index built positions=8638 nodes_with_types=9901 secs=1 mem_mb=264 MB
[2026-05-10T09:45:04Z] [iter=1] Step 3: Starting LSP resolution mem_mb=264 MB already_completed_types=[] already_completed_files=0
[2026-05-10T09:45:04Z] [iter=1] Resolving target type target_type=call_site count=752
[2026-05-10T09:45:34Z] [iter=1] HEARTBEAT target_type=call_site elapsed_min=0.6 files_done=1 resolved=2 errors=8 current=src/unique_impl.rs
[2026-05-10T09:46:00Z] [iter=1] Target type resolved target_type=call_site resolved=309 errors=412 secs=56 mem_mb=264 MB
[2026-05-10T09:46:00Z] [iter=1] Resolving target type target_type=import_statement count=46
[2026-05-10T09:46:07Z] [iter=1] HEARTBEAT target_type=import_statement elapsed_min=1.2 files_done=1 resolved=4 errors=0 current=benches/powerset.rs
[2026-05-10T09:46:20Z] [iter=1] Target type resolved target_type=import_statement resolved=46 errors=0 secs=20 mem_mb=264 MB
[2026-05-10T09:46:20Z] [iter=1] Resolving target type target_type=implements_clause count=157
[2026-05-10T09:46:37Z] [iter=1] HEARTBEAT target_type=implements_clause elapsed_min=1.7 files_done=13 resolved=150 errors=0 current=src/either_or_both.rs
[2026-05-10T09:46:38Z] [iter=1] Target type resolved target_type=implements_clause resolved=157 errors=0 secs=18 mem_mb=264 MB
[2026-05-10T09:46:59Z] [iter=1] Step 5: Writing final enrichment file triples=8237
[2026-05-10T09:46:59Z] [iter=1] Enrichment file written path=/home/runner/work/forx/forx/storage/aggregate/lsp/98d3978c87d6aa8d35e3f459dc0089130e04b646.nq.gz size_kb=148
[2026-05-10T09:46:59Z] [iter=1] PHASE END: enrich elapsed_s=124 elapsed_min=2.1 total_triples=8237
